#
# There is insufficient memory for the Java Runtime Environment to continue.
# Native memory allocation (malloc) failed to allocate 1048576 bytes. Error detail: AllocateHeap
# Possible reasons:
#   The system is out of physical RAM or swap space
#   This process is running with CompressedOops enabled, and the Java Heap may be blocking the growth of the native heap
# Possible solutions:
#   Reduce memory load on the system
#   Increase physical memory or swap space
#   Check if swap backing store is full
#   Decrease Java heap size (-Xmx/-Xms)
#   Decrease number of Java threads
#   Decrease Java thread stack sizes (-Xss)
#   Set larger code cache with -XX:ReservedCodeCacheSize=
#   JVM is running with Unscaled Compressed Oops mode in which the Java heap is
#     placed in the first 4GB address space. The Java Heap base address is the
#     maximum limit for the native heap growth. Please use -XX:HeapBaseMinAddress
#     to set the Java Heap base and to place the Java Heap above 4GB virtual address.
# This output file may be truncated or incomplete.
#
#  Out of Memory Error (allocation.cpp:44), pid=11952, tid=5320
#
# JRE version:  (21.0.7+6) (build )
# Java VM: OpenJDK 64-Bit Server VM (21.0.7+6-LTS, mixed mode, sharing, tiered, compressed oops, compressed class ptrs, g1 gc, windows-amd64)
# No core dump will be written. Minidumps are not enabled by default on client versions of Windows
#

---------------  S U M M A R Y ------------

Command Line: -Djava.net.preferIPv4Stack=true -Xms3031M -XX:+UnlockExperimentalVMOptions -XX:+DisableExplicitGC -XX:MaxGCPauseMillis=200 -XX:+AlwaysPreTouch -XX:+ParallelRefProcEnabled -XX:+UseG1GC -XX:G1NewSizePercent=30 -XX:G1MaxNewSizePercent=40 -XX:G1HeapRegionSize=8M -XX:G1ReservePercent=20 -XX:InitiatingHeapOccupancyPercent=15 -XX:G1HeapWastePercent=5 -XX:G1MixedGCCountTarget=4 -XX:G1MixedGCLiveThresholdPercent=90 -XX:G1RSetUpdatingPauseTimePercent=5 -XX:+UseStringDeduplication -XX:MaxTenuringThreshold=1 -XX:SurvivorRatio=32 -Xmx8192M -Dfile.encoding=UTF-8 -XX:HeapDumpPath=MojangTricksIntelDriversForPerformance_javaw.exe_minecraft.exe.heapdump -Djava.library.path=H:/EC2\versions\Forge-1.20.1\natives -Djna.tmpdir=H:/EC2\versions\Forge-1.20.1\natives -Dorg.lwjgl.system.SharedLibraryExtractPath=H:/EC2\versions\Forge-1.20.1\natives -Dio.netty.native.workdir=H:/EC2\versions\Forge-1.20.1\natives -Dminecraft.launcher.brand=java-minecraft-launcher -Dminecraft.launcher.version=1.6.84-j -Djava.net.preferIPv6Addresses=system -DignoreList=bootstraplauncher,securejarhandler,asm-commons,asm-util,asm-analysis,asm-tree,asm,JarJarFileSystems,client-extra,fmlcore,javafmllanguage,lowcodelanguage,mclanguage,forge-,Forge-1.20.1.jar -DmergeModules=jna-5.10.0.jar,jna-platform-5.10.0.jar -DlibraryDirectory=H:/EC2\libraries --module-path=H:/EC2\libraries/cpw/mods/bootstraplauncher/1.1.2/bootstraplauncher-1.1.2.jar;H:/EC2\libraries/cpw/mods/securejarhandler/2.1.10/securejarhandler-2.1.10.jar;H:/EC2\libraries/org/ow2/asm/asm-commons/9.7.1/asm-commons-9.7.1.jar;H:/EC2\libraries/org/ow2/asm/asm-util/9.7.1/asm-util-9.7.1.jar;H:/EC2\libraries/org/ow2/asm/asm-analysis/9.7.1/asm-analysis-9.7.1.jar;H:/EC2\libraries/org/ow2/asm/asm-tree/9.7.1/asm-tree-9.7.1.jar;H:/EC2\libraries/org/ow2/asm/asm/9.7.1/asm-9.7.1.jar;H:/EC2\libraries/net/minecraftforge/JarJarFileSystems/0.3.19/JarJarFileSystems-0.3.19.jar --add-modules=ALL-MODULE-PATH --add-opens=java.base/java.util.jar=cpw.mods.securejarhandler --add-opens=java.base/java.lang.invoke=cpw.mods.securejarhandler --add-exports=java.base/sun.security.util=cpw.mods.securejarhandler --add-exports=jdk.naming.dns/com.sun.jndi.dns=java.naming -Xss2M cpw.mods.bootstraplauncher.BootstrapLauncher --version Forge-1.20.1 --gameDir H:/EC2 --assetsDir H:/EC2\assets --assetIndex 5 --uuid c3a98f5351b53ff38de9d26d9504690c --accessToken c3a98f5351b53ff38de9d26d9504690c --clientId --xuid --userType legacy --versionType modified --width 925 --height 530 --launchTarget forgeclient --fml.forgeVersion 47.4.1 --fml.mcVersion 1.20.1 --fml.forgeGroup net.minecraftforge --fml.mcpVersion 20230612.114412 --username br0dy

Host: AMD Ryzen 5 5600 6-Core Processor              , 12 cores, 15G,  Windows 11 , 64 bit Build 26100 (10.0.26100.4202)
Time: Sun Jun 22 20:49:48 2025 RTZ 2 (s 11 , 64 bit Build 26100 (10.0.26100.4202) elapsed time: 1.219363 seconds (0d 0h 0m 1s)

---------------  T H R E A D  ---------------

Current thread (0x00000187d7728520):  JavaThread "Unknown thread" [_thread_in_vm, id=5320, stack(0x0000000b2ba00000,0x0000000b2bc00000) (2048K)]

Stack: [0x0000000b2ba00000,0x0000000b2bc00000]
Native frames: (J=compiled Java code, j=interpreted, Vv=VM code, C=native code)
V  [jvm.dll+0x6ce119]
V  [jvm.dll+0x8a84a1]
V  [jvm.dll+0x8aa9ce]
V  [jvm.dll+0x8ab0b3]
V  [jvm.dll+0x27f8a6]
V  [jvm.dll+0xbfba7]
V  [jvm.dll+0x327ed5]
V  [jvm.dll+0x8716dd]
V  [jvm.dll+0x3bc501]
V  [jvm.dll+0x85a743]
V  [jvm.dll+0x45080e]
V  [jvm.dll+0x452451]
C  [jli.dll+0x5278]
C  [ucrtbase.dll+0x37b0]
C  [KERNEL32.DLL+0x2e8d7]
C  [ntdll.dll+0x3c34c]


---------------  P R O C E S S  ---------------

Threads class SMR info:
_java_thread_list=0x00007ffc959aa0c8, length=0, elements={
}

Java Threads: ( => current thread )
Total: 0

Other Threads:

=>0x00000187d7728520 (exited) JavaThread "Unknown thread"    [_thread_in_vm, id=5320, stack(0x0000000b2ba00000,0x0000000b2bc00000) (2048K)]
Total: 1

Threads with active compile tasks:
Total: 0

VM state: not at safepoint (not fully initialized)

VM Mutex/Monitor currently owned by a thread: None

Heap address: 0x0000000000000000, size: 0 MB, Compressed Oops mode: 32-bit

CDS archive(s) mapped at: [0x0000000000000000-0x0000000000000000-0x0000000000000000), size 0, SharedBaseAddress: 0x0000000800000000, ArchiveRelocationMode: 1.
Narrow klass base: 0x0000000000000000, Narrow klass shift: 0, Narrow klass range: 0x0

GC Precious Log:
 CardTable entry size: 512
 Card Set container configuration: InlinePtr #cards 4 size 8 Array Of Cards #cards 64 size 144 Howl #buckets 8 coarsen threshold 14745 Howl Bitmap #cards 2048 size 272 coarsen threshold 1843 Card regions per heap region 1 cards per card region 16384

GC Heap History (0 events):
No events

Dll operation events (1 events):
Event: 0.060 Loaded shared library C:\Program Files\Eclipse Adoptium\jdk-21.0.7.6-hotspot\bin\java.dll

Deoptimization events (0 events):
No events

Classes loaded (0 events):
No events

Classes unloaded (0 events):
No events

Classes redefined (0 events):
No events

Internal exceptions (0 events):
No events

ZGC Phase Switch (0 events):
No events

VM Operations (0 events):
No events

Memory protections (0 events):
No events

Nmethod flushes (0 events):
No events

Events (0 events):
No events


Dynamic libraries:
0x00007ff6b48f0000 - 0x00007ff6b48fe000 	C:\Program Files\Eclipse Adoptium\jdk-21.0.7.6-hotspot\bin\java.exe
0x00007ffd4f1e0000 - 0x00007ffd4f445000 	C:\Windows\SYSTEM32\ntdll.dll
0x00007ffd4e120000 - 0x00007ffd4e1e9000 	C:\Windows\System32\KERNEL32.DLL
0x00007ffd4c300000 - 0x00007ffd4c6e8000 	C:\Windows\System32\KERNELBASE.dll
0x00007ffd4ce00000 - 0x00007ffd4cf4b000 	C:\Windows\System32\ucrtbase.dll
0x00007ffd25310000 - 0x00007ffd25328000 	C:\Program Files\Eclipse Adoptium\jdk-21.0.7.6-hotspot\bin\jli.dll
0x00007ffd243b0000 - 0x00007ffd243ce000 	C:\Program Files\Eclipse Adoptium\jdk-21.0.7.6-hotspot\bin\VCRUNTIME140.dll
0x00007ffd38e50000 - 0x00007ffd390ea000 	C:\Windows\WinSxS\amd64_microsoft.windows.common-controls_6595b64144ccf1df_6.0.26100.4202_none_3e0698d4e335f517\COMCTL32.dll
0x00007ffd4eba0000 - 0x00007ffd4ed6a000 	C:\Windows\System32\USER32.dll
0x00007ffd4cdd0000 - 0x00007ffd4cdf7000 	C:\Windows\System32\win32u.dll
0x00007ffd4e8b0000 - 0x00007ffd4e959000 	C:\Windows\System32\msvcrt.dll
0x00007ffd4d310000 - 0x00007ffd4d33b000 	C:\Windows\System32\GDI32.dll
0x00007ffd4c790000 - 0x00007ffd4c8c7000 	C:\Windows\System32\gdi32full.dll
0x00007ffd4ca50000 - 0x00007ffd4caf3000 	C:\Windows\System32\msvcp_win.dll
0x00007ffd4cf50000 - 0x00007ffd4cf80000 	C:\Windows\System32\IMM32.DLL
0x00007ffd25b40000 - 0x00007ffd25b4c000 	C:\Program Files\Eclipse Adoptium\jdk-21.0.7.6-hotspot\bin\vcruntime140_1.dll
0x00007ffcf2870000 - 0x00007ffcf28fd000 	C:\Program Files\Eclipse Adoptium\jdk-21.0.7.6-hotspot\bin\msvcp140.dll
0x00007ffc94d70000 - 0x00007ffc95b00000 	C:\Program Files\Eclipse Adoptium\jdk-21.0.7.6-hotspot\bin\server\jvm.dll
0x00007ffd4eae0000 - 0x00007ffd4eb93000 	C:\Windows\System32\ADVAPI32.dll
0x00007ffd4d200000 - 0x00007ffd4d2a6000 	C:\Windows\System32\sechost.dll
0x00007ffd4d820000 - 0x00007ffd4d935000 	C:\Windows\System32\RPCRT4.dll
0x00007ffd4ea60000 - 0x00007ffd4ead4000 	C:\Windows\System32\WS2_32.dll
0x00007ffd4af40000 - 0x00007ffd4af9e000 	C:\Windows\SYSTEM32\POWRPROF.dll
0x00007ffd44a80000 - 0x00007ffd44ab5000 	C:\Windows\SYSTEM32\WINMM.dll
0x00007ffd44ac0000 - 0x00007ffd44acb000 	C:\Windows\SYSTEM32\VERSION.dll
0x00007ffd4af20000 - 0x00007ffd4af34000 	C:\Windows\SYSTEM32\UMPDC.dll
0x00007ffd4b1e0000 - 0x00007ffd4b1fb000 	C:\Windows\SYSTEM32\kernel.appcore.dll
0x00007ffd22c10000 - 0x00007ffd22c1a000 	C:\Program Files\Eclipse Adoptium\jdk-21.0.7.6-hotspot\bin\jimage.dll
0x00007ffd41dc0000 - 0x00007ffd42001000 	C:\Windows\SYSTEM32\DBGHELP.DLL
0x00007ffd4d490000 - 0x00007ffd4d815000 	C:\Windows\System32\combase.dll
0x00007ffd4eff0000 - 0x00007ffd4f0d1000 	C:\Windows\System32\OLEAUT32.dll
0x00007ffd37570000 - 0x00007ffd375a9000 	C:\Windows\SYSTEM32\dbgcore.DLL
0x00007ffd4c6f0000 - 0x00007ffd4c789000 	C:\Windows\System32\bcryptPrimitives.dll
0x00007ffd228e0000 - 0x00007ffd228ff000 	C:\Program Files\Eclipse Adoptium\jdk-21.0.7.6-hotspot\bin\java.dll

dbghelp: loaded successfully - version: 4.0.5 - missing functions: none
symbol engine: initialized successfully - sym options: 0x614 - pdb path: .;C:\Program Files\Eclipse Adoptium\jdk-21.0.7.6-hotspot\bin;C:\Windows\SYSTEM32;C:\Windows\WinSxS\amd64_microsoft.windows.common-controls_6595b64144ccf1df_6.0.26100.4202_none_3e0698d4e335f517;C:\Program Files\Eclipse Adoptium\jdk-21.0.7.6-hotspot\bin\server

VM Arguments:
jvm_args: -Djava.net.preferIPv4Stack=true -Xms3031M -XX:+UnlockExperimentalVMOptions -XX:+DisableExplicitGC -XX:MaxGCPauseMillis=200 -XX:+AlwaysPreTouch -XX:+ParallelRefProcEnabled -XX:+UseG1GC -XX:G1NewSizePercent=30 -XX:G1MaxNewSizePercent=40 -XX:G1HeapRegionSize=8M -XX:G1ReservePercent=20 -XX:InitiatingHeapOccupancyPercent=15 -XX:G1HeapWastePercent=5 -XX:G1MixedGCCountTarget=4 -XX:G1MixedGCLiveThresholdPercent=90 -XX:G1RSetUpdatingPauseTimePercent=5 -XX:+UseStringDeduplication -XX:MaxTenuringThreshold=1 -XX:SurvivorRatio=32 -Xmx8192M -Dfile.encoding=UTF-8 -XX:HeapDumpPath=MojangTricksIntelDriversForPerformance_javaw.exe_minecraft.exe.heapdump -Djava.library.path=H:/EC2\versions\Forge-1.20.1\natives -Djna.tmpdir=H:/EC2\versions\Forge-1.20.1\natives -Dorg.lwjgl.system.SharedLibraryExtractPath=H:/EC2\versions\Forge-1.20.1\natives -Dio.netty.native.workdir=H:/EC2\versions\Forge-1.20.1\natives -Dminecraft.launcher.brand=java-minecraft-launcher -Dminecraft.launcher.version=1.6.84-j -Djava.net.preferIPv6Addresses=system -DignoreList=bootstraplauncher,securejarhandler,asm-commons,asm-util,asm-analysis,asm-tree,asm,JarJarFileSystems,client-extra,fmlcore,javafmllanguage,lowcodelanguage,mclanguage,forge-,Forge-1.20.1.jar -DmergeModules=jna-5.10.0.jar,jna-platform-5.10.0.jar -DlibraryDirectory=H:/EC2\libraries --module-path=H:/EC2\libraries/cpw/mods/bootstraplauncher/1.1.2/bootstraplauncher-1.1.2.jar;H:/EC2\libraries/cpw/mods/securejarhandler/2.1.10/securejarhandler-2.1.10.jar;H:/EC2\libraries/org/ow2/asm/asm-commons/9.7.1/asm-commons-9.7.1.jar;H:/EC2\libraries/org/ow2/asm/asm-util/9.7.1/asm-util-9.7.1.jar;H:/EC2\libraries/org/ow2/asm/asm-analysis/9.7.1/asm-analysis-9.7.1.jar;H:/EC2\libraries/org/ow2/asm/asm-tree/9.7.1/asm-tree-9.7.1.jar;H:/EC2\libraries/org/ow2/asm/asm/9.7.1/asm-9.7.1.jar;H:/EC2\libraries/net/minecraftforge/JarJarFileSystems/0.3.19/JarJarFileSystems-0.3.19.jar --add-modules=ALL-MODULE-PATH --add-opens=java.base/java.util.jar=cpw.mods.securejarhandler --add-opens=java.base/java.lang.invoke=cpw.mods.securejarhandler --add-exports=java.base/sun.security.util=cpw.mods.securejarhandler --add-exports=jdk.naming.dns/com.sun.jndi.dns=java.naming -Xss2M 
java_command: cpw.mods.bootstraplauncher.BootstrapLauncher --version Forge-1.20.1 --gameDir H:/EC2 --assetsDir H:/EC2\assets --assetIndex 5 --uuid c3a98f5351b53ff38de9d26d9504690c --accessToken c3a98f5351b53ff38de9d26d9504690c --clientId --xuid --userType legacy --versionType modified --width 925 --height 530 --launchTarget forgeclient --fml.forgeVersion 47.4.1 --fml.mcVersion 1.20.1 --fml.forgeGroup net.minecraftforge --fml.mcpVersion 20230612.114412 --username br0dy
java_class_path (initial): H:/EC2\libraries\cpw\mods\securejarhandler\2.1.10\securejarhandler-2.1.10.jar;H:/EC2\libraries\org\ow2\asm\asm\9.7.1\asm-9.7.1.jar;H:/EC2\libraries\org\ow2\asm\asm-commons\9.7.1\asm-commons-9.7.1.jar;H:/EC2\libraries\org\ow2\asm\asm-tree\9.7.1\asm-tree-9.7.1.jar;H:/EC2\libraries\org\ow2\asm\asm-util\9.7.1\asm-util-9.7.1.jar;H:/EC2\libraries\org\ow2\asm\asm-analysis\9.7.1\asm-analysis-9.7.1.jar;H:/EC2\libraries\net\minecraftforge\accesstransformers\8.0.4\accesstransformers-8.0.4.jar;H:/EC2\libraries\org\antlr\antlr4-runtime\4.9.1\antlr4-runtime-4.9.1.jar;H:/EC2\libraries\net\minecraftforge\eventbus\6.0.5\eventbus-6.0.5.jar;H:/EC2\libraries\net\minecraftforge\forgespi\7.0.1\forgespi-7.0.1.jar;H:/EC2\libraries\net\minecraftforge\coremods\5.2.4\coremods-5.2.4.jar;H:/EC2\libraries\cpw\mods\modlauncher\10.0.9\modlauncher-10.0.9.jar;H:/EC2\libraries\net\minecraftforge\unsafe\0.2.0\unsafe-0.2.0.jar;H:/EC2\libraries\net\minecraftforge\mergetool\1.1.5\mergetool-1.1.5-api.jar;H:/EC2\libraries\com\electronwill\night-config\core\3.6.4\core-3.6.4.jar;H:/EC2\libraries\com\electronwill\night-config\toml\3.6.4\toml-3.6.4.jar;H:/EC2\libraries\org\apache\maven\maven-artifact\3.8.5\maven-artifact-3.8.5.jar;H:/EC2\libraries\net\jodah\typetools\0.6.3\typetools-0.6.3.jar;H:/EC2\libraries\net\minecrell\terminalconsoleappender\1.2.0\terminalconsoleappender-1.2.0.jar;H:/EC2\libraries\org\jline\jline-reader\3.12.1\jline-reader-3.12.1.jar;H:/EC2\libraries\org\jline\jline-terminal\3.12.1\jline-terminal-3.12.1.jar;H:/EC2\libraries\org\spongepowered\mixin\0.8.5\mixin-0.8.5.jar;H:/EC2\libraries\org\openjdk\nashorn\nashorn-core\15.4\nashorn-core-15.4.jar;H:/EC2\libraries\net\minecraftforge\JarJarSelector\0.3.19\JarJarSelector-0.3.19.jar;H:/EC2\libraries\net\minecraftforge\JarJarMetadata\0.3.19\JarJarMetadata-0.3.19.jar;H:/EC2\libraries\cpw\mods\bootstraplauncher\1.1.2\bootstraplauncher-1.1.2.jar;H:/EC2\libraries\net\minecraftforge\JarJarFileSystems\0.3.19\JarJarFileSystems-0.3.19.jar;H:/EC2\libraries\net\minecraftforge\fmlloader\1.20.1-47.4.1\fmlloader-1.20.1-47.4.1.jar;H:/EC2\libraries\net\minecraftforge\fmlearlydisplay\1.20.1-47.4.1\fmlearlydisplay-1.20.1-47.4.1.jar;H:/EC2\libraries\com\github\oshi\oshi-core\6.2.2\oshi-core-6.2.2.jar;H:/EC2\libraries\com\google\code\gson\gson\2.10\gson-2.10.jar;H:/EC2\libraries\com\google\guava\failureaccess\1.0.1\failureaccess-1.0.1.jar;H:/EC2\libraries\com\google\guava\guava\31.1-jre\guava-31.1-jre.jar;H:/EC2\libraries\com\ibm\icu\icu4j\71.1\icu4j-71.1.jar;H:/EC2\libraries\com\mojang\authlib\4.0.43\authlib-4.0.43.jar;H:/EC2\libraries\com\mojang\blocklist\1.0.10\blocklist-1.0.10.jar;H:/EC2\libraries\com\mojang\brigadier\1.1.8\brigadier-1.1.8.jar;H:/EC2\libraries\com\mojang\datafixerupper\6.0.8\datafixerupper-6.0.8.jar;H:/EC2\libraries\com\mojang\logging\1.1.1\logging-1.1.1.jar;H:/EC2\libraries\ru\tln4\empty\0.1\empty-0.1.jar;H:/EC2\libraries\com\mojang\text2speech\1.17.9\text2speech-1.17.9.jar;H:/EC2\libraries\commons-codec\commons-codec\1.15\commons-codec-1.15.jar;H:/EC2\libraries\commons-io\commons-io\2.11.0\commons-io-2.11.0.jar;H:/EC2\libraries\commons-logging\commons-logging\1.2\commons-logging-1.2.jar;H:/EC2\libraries\io\netty\netty-buffer\4.1.82.Final\netty-buffer-4.1.82.Final.jar;H:/EC2\libraries\io\netty\netty-codec\4.1.82.Final\netty-codec-4.1.82.Final.jar;H:/EC2\libraries\io\netty\netty-common\4.1.82.Final\netty-common-4.1.82.Final.jar;H:/EC2\libraries\io\netty\netty-handler\4.1.82.Final\netty-handler-4.1.82.Final.jar;H:/EC2\libraries\io\netty\netty-resolver\4.1.82.Final\netty-resolver-4.1.82.Final.jar;H:/EC2\libraries\io\netty\netty-transport-classes-epoll\4.1.82.Final\netty-transport-classes-epoll-4.1.82.Final.jar;H:/EC2\libraries\io\netty\netty-transport-native-unix-common\4.1.82.Final\netty-transport-native-unix-common-4.1.82.Final.jar;H:/EC2\libraries\io\netty\netty-transport\4.1.82.Final\netty-transport-4.1.82.Final.jar;H:/EC2\libraries\it\unimi\dsi\fastutil\8.5.9\fastutil-8.5.9.jar;H:/EC2\libraries\net\java\dev\jna\jna-platform\5.12.1\jna-platform-5.12.1.jar;H:/EC2\libraries\net\java\dev\jna\jna\5.12.1\jna-5.12.1.jar;H:/EC2\libraries\net\sf\jopt-simple\jopt-simple\5.0.4\jopt-simple-5.0.4.jar;H:/EC2\libraries\org\apache\commons\commons-compress\1.21\commons-compress-1.21.jar;H:/EC2\libraries\org\apache\commons\commons-lang3\3.12.0\commons-lang3-3.12.0.jar;H:/EC2\libraries\org\apache\httpcomponents\httpclient\4.5.13\httpclient-4.5.13.jar;H:/EC2\libraries\org\apache\httpcomponents\httpcore\4.4.15\httpcore-4.4.15.jar;H:/EC2\libraries\org\apache\logging\log4j\log4j-api\2.19.0\log4j-api-2.19.0.jar;H:/EC2\libraries\org\apache\logging\log4j\log4j-core\2.19.0\log4j-core-2.19.0.jar;H:/EC2\libraries\org\apache\logging\log4j\log4j-slf4j2-impl\2.19.0\log4j-slf4j2-impl-2.19.0.jar;H:/EC2\libraries\org\joml\joml\1.10.5\joml-1.10.5.jar;H:/EC2\libraries\org\lwjgl\lwjgl-glfw\3.3.1\lwjgl-glfw-3.3.1.jar;H:/EC2\libraries\org\lwjgl\lwjgl-glfw\3.3.1\lwjgl-glfw-3.3.1-natives-windows.jar;H:/EC2\libraries\org\lwjgl\lwjgl-glfw\3.3.1\lwjgl-glfw-3.3.1-natives-windows-arm64.jar;H:/EC2\libraries\org\lwjgl\lwjgl-glfw\3.3.1\lwjgl-glfw-3.3.1-natives-windows-x86.jar;H:/EC2\libraries\org\lwjgl\lwjgl-jemalloc\3.3.1\lwjgl-jemalloc-3.3.1.jar;H:/EC2\libraries\org\lwjgl\lwjgl-jemalloc\3.3.1\lwjgl-jemalloc-3.3.1-natives-windows.jar;H:/EC2\libraries\org\lwjgl\lwjgl-jemalloc\3.3.1\lwjgl-jemalloc-3.3.1-natives-windows-arm64.jar;H:/EC2\libraries\org\lwjgl\lwjgl-jemalloc\3.3.1\lwjgl-jemalloc-3.3.1-natives-windows-x86.jar;H:/EC2\libraries\org\lwjgl\lwjgl-openal\3.3.1\lwjgl-openal-3.3.1.jar;H:/EC2\libraries\org\lwjgl\lwjgl-openal\3.3.1\lwjgl-openal-3.3.1-natives-windows.jar;H:/EC2\libraries\org\lwjgl\lwjgl-openal\3.3.1\lwjgl-openal-3.3.1-natives-windows-arm64.jar;H:/EC2\libraries\org\lwjgl\lwjgl-openal\3.3.1\lwjgl-openal-3.3.1-natives-windows-x86.jar;H:/EC2\libraries\org\lwjgl\lwjgl-opengl\3.3.1\lwjgl-opengl-3.3.1.jar;H:/EC2\libraries\org\lwjgl\lwjgl-opengl\3.3.1\lwjgl-opengl-3.3.1-natives-windows.jar;H:/EC2\libraries\org\lwjgl\lwjgl-opengl\3.3.1\lwjgl-opengl-3.3.1-natives-windows-arm64.jar;H:/EC2\libraries\org\lwjgl\lwjgl-opengl\3.3.1\lwjgl-opengl-3.3.1-natives-windows-x86.jar;H:/EC2\libraries\org\lwjgl\lwjgl-stb\3.3.1\lwjgl-stb-3.3.1.jar;H:/EC2\libraries\org\lwjgl\lwjgl-stb\3.3.1\lwjgl-stb-3.3.1-natives-windows.jar;H:/EC2\libraries\org\lwjgl\lwjgl-stb\3.3.1\lwjgl-stb-3.3.1-natives-windows-arm64.jar;H:/EC2\libraries\org\lwjgl\lwjgl-stb\3.3.1\lwjgl-stb-3.3.1-natives-windows-x86.jar;H:/EC2\libraries\org\lwjgl\lwjgl-tinyfd\3.3.1\lwjgl-tinyfd-3.3.1.jar;H:/EC2\libraries\org\lwjgl\lwjgl-tinyfd\3.3.1\lwjgl-tinyfd-3.3.1-natives-windows.jar;H:/EC2\libraries\org\lwjgl\lwjgl-tinyfd\3.3.1\lwjgl-tinyfd-3.3.1-natives-windows-arm64.jar;H:/EC2\libraries\org\lwjgl\lwjgl-tinyfd\3.3.1\lwjgl-tinyfd-3.3.1-natives-windows-x86.jar;H:/EC2\libraries\org\lwjgl\lwjgl\3.3.1\lwjgl-3.3.1.jar;H:/EC2\libraries\org\lwjgl\lwjgl\3.3.1\lwjgl-3.3.1-natives-windows.jar;H:/EC2\libraries\org\lwjgl\lwjgl\3.3.1\lwjgl-3.3.1-natives-windows-arm64.jar;H:/EC2\libraries\org\lwjgl\lwjgl\3.3.1\lwjgl-3.3.1-natives-windows-x86.jar;H:/EC2\libraries\org\slf4j\slf4j-api\2.0.1\slf4j-api-2.0.1.jar;H:/EC2\versions\Forge-1.20.1\Forge-1.20.1.jar
Launcher Type: SUN_STANDARD

[Global flags]
     bool AlwaysPreTouch                           = true                                      {product} {command line}
     bool AlwaysTenure                             = false                                     {product} {command line}
     intx CICompilerCount                          = 4                                         {product} {ergonomic}
     uint ConcGCThreads                            = 3                                         {product} {ergonomic}
     bool DisableExplicitGC                        = true                                      {product} {command line}
     uint G1ConcRefinementThreads                  = 10                                        {product} {ergonomic}
     uint G1EagerReclaimRemSetThreshold            = 64                                   {experimental} {ergonomic}
   size_t G1HeapRegionSize                         = 8388608                                   {product} {command line}
    uintx G1HeapWastePercent                       = 5                                         {product} {command line}
    uintx G1MaxNewSizePercent                      = 40                                   {experimental} {command line}
    uintx G1MixedGCCountTarget                     = 4                                         {product} {command line}
    uintx G1MixedGCLiveThresholdPercent            = 90                                   {experimental} {command line}
    uintx G1NewSizePercent                         = 30                                   {experimental} {command line}
     intx G1RSetUpdatingPauseTimePercent           = 5                                         {product} {command line}
     uint G1RemSetArrayOfCardsEntries              = 64                                   {experimental} {ergonomic}
     uint G1RemSetHowlMaxNumBuckets                = 8                                    {experimental} {ergonomic}
     uint G1RemSetHowlNumBuckets                   = 8                                    {experimental} {ergonomic}
    uintx G1ReservePercent                         = 20                                        {product} {command line}
    uintx GCDrainStackTargetSize                   = 64                                        {product} {ergonomic}
    ccstr HeapDumpPath                             = MojangTricksIntelDriversForPerformance_javaw.exe_minecraft.exe.heapdump         {manageable} {command line}
   size_t InitialHeapSize                          = 3179282432                                {product} {command line, ergonomic}
    uintx InitialTenuringThreshold                 = 1                                         {product} {ergonomic}
    uintx InitiatingHeapOccupancyPercent           = 15                                        {product} {command line}
   size_t MarkStackSize                            = 4194304                                   {product} {ergonomic}
    uintx MaxGCPauseMillis                         = 200                                       {product} {command line}
   size_t MaxHeapSize                              = 8589934592                                {product} {command line}
    uintx MaxTenuringThreshold                     = 1                                         {product} {command line}
   size_t MinHeapDeltaBytes                        = 8388608                                   {product} {ergonomic}
   size_t MinHeapSize                              = 3179282432                                {product} {command line, ergonomic}
     bool NeverTenure                              = false                                     {product} {command line}
    uintx NonNMethodCodeHeapSize                   = 5839372                                {pd product} {ergonomic}
    uintx NonProfiledCodeHeapSize                  = 122909434                              {pd product} {ergonomic}
     bool ParallelRefProcEnabled                   = true                                      {product} {command line}
    uintx ProfiledCodeHeapSize                     = 122909434                              {pd product} {ergonomic}
    uintx ReservedCodeCacheSize                    = 251658240                              {pd product} {ergonomic}
     bool SegmentedCodeCache                       = true                                      {product} {ergonomic}
   size_t SoftMaxHeapSize                          = 8589934592                             {manageable} {ergonomic}
    uintx SurvivorRatio                            = 32                                        {product} {command line}
     intx ThreadStackSize                          = 2048                                   {pd product} {command line}
     bool UnlockExperimentalVMOptions              = true                                 {experimental} {command line}
     bool UseCompressedOops                        = true                           {product lp64_product} {ergonomic}
     bool UseG1GC                                  = true                                      {product} {command line}
     bool UseLargePagesIndividualAllocation        = false                                  {pd product} {ergonomic}
     bool UseStringDeduplication                   = true                                      {product} {command line}

Logging:
Log output configuration:
 #0: stdout all=warning uptime,level,tags foldmultilines=false
 #1: stderr all=off uptime,level,tags foldmultilines=false

Environment Variables:
PATH=H:\Git\.venv\Lib\site-packages\PyQt5\Qt5\bin;h;H:\Git\.venv\Scripts;\c\Users\shust\bin;C:\Program Files\Git\mingw64\bin;C:\Program Files\Git\usr\local\bin;C:\Program Files\Git\usr\bin;C:\Program Files\Git\usr\bin;C:\Program Files\Git\mingw64\bin;C:\Program Files\Git\usr\bin;C:\Users\shust\bin;H:\Git\.venv\Scripts;C:\Program Files\Eclipse Adoptium\jdk-21.0.7.6-hotspot\bin;C:\Program Files\Eclipse Adoptium\jdk-17.0.15.6-hotspot\bin;C:\Program Files (x86)\Common Files\Oracle\Java\java8path;C:\Program Files (x86)\Common Files\Oracle\Java\javapath;C:\Windows\system32;C:\Windows;C:\Windows\System32\Wbem;C:\Windows\System32\WindowsPowerShell\v1.0;C:\Windows\System32\OpenSSH;C:\Program Files\dotnet;C:\Program Files\Git\cmd;C:\Users\shust\AppData\Local\Programs\Python\Python313\Scripts;C:\Users\shust\AppData\Local\Programs\Python\Python313;C:\Users\shust\AppData\Local\Microsoft\WindowsApps;C:\Users\shust\AppData\Local\Programs\Microsoft VS Code\bin;C:\Program Files\Git\usr\bin\vendor_perl;C:\Program Files\Git\usr\bin\core_perl
USERNAME=shust
SHELL=C:\Program Files\Git\usr\bin\bash.exe
DISPLAY=needs-to-be-defined
LANG=en_US.UTF-8
TERM=xterm-256color
TMPDIR=C:\Users\shust\AppData\Local\Temp
OS=Windows_NT
PROCESSOR_IDENTIFIER=AMD64 Family 25 Model 33 Stepping 2, AuthenticAMD
TMP=C:\Users\shust\AppData\Local\Temp
TEMP=C:\Users\shust\AppData\Local\Temp




Periodic native trim disabled

---------------  S Y S T E M  ---------------

OS:
 Windows 11 , 64 bit Build 26100 (10.0.26100.4202)
OS uptime: 0 days 7:31 hours

CPU: total 12 (initial active 12) (12 cores per cpu, 2 threads per core) family 25 model 33 stepping 2 microcode 0xa20120e, cx8, cmov, fxsr, ht, mmx, 3dnowpref, sse, sse2, sse3, ssse3, sse4a, sse4.1, sse4.2, popcnt, lzcnt, tsc, tscinvbit, avx, avx2, aes, erms, clmul, bmi1, bmi2, adx, sha, fma, vzeroupper, clflush, clflushopt, rdtscp, rdpid, fsrm, f16c, pku, cet_ss
Processor Information for the first 12 processors :
  Max Mhz: 3501, Current Mhz: 3501, Mhz Limit: 3501

Memory: 4k page, system-wide physical 16308M (3M free)
TotalPageFile size 50146M (AvailPageFile size 3058M)
current process WorkingSet (physical memory assigned to process): 18M, peak: 18M
current process commit charge ("private bytes"): 18M, peak: 19M

vm_info: OpenJDK 64-Bit Server VM (21.0.7+6-LTS) for windows-amd64 JRE (21.0.7+6-LTS), built on 2025-04-15T00:00:00Z by "admin" with MS VC++ 17.7 (VS2022)

END.
